Removed world/DIM-1/data/raids.dat: not used
Removed world/entities/r.-1.-2.mca: 0 size
Removed world/entities/r.-2.-1.mca: 0 size
Removed world/entities/r.-2.-2.mca: 0 size
Removed world/entities/r.2.3.mca: 0 size
Removed world/entities/r.3.2.mca: 0 size
Removed world/entities/r.3.3.mca: 0 size
Removed world/gc-logs/gc-20220315_0327.log: not used
Removed world/playerdata/296923b7-5800-4d8a-bc12-0e06002e68f9.dat_old: not used
Removed world/playerdata/3f522c30-5912-46dc-833d-45581c5b8f2d.dat_old: not used
Removed world/playerdata/a648628b-c8fb-4041-9429-604da9f6cb21.dat_old: not used
Removed world/poi/r.-1.-2.mca: 0 size
Removed world/poi/r.-1.1.mca: 0 size
Removed world/poi/r.-1.2.mca: 0 size
Removed world/poi/r.-2.-1.mca: 0 size
Removed world/poi/r.-2.-2.mca: 0 size
Removed world/poi/r.-2.0.mca: 0 size
Removed world/poi/r.-2.1.mca: 0 size
Removed world/poi/r.0.-2.mca: 0 size
Removed world/poi/r.1.-1.mca: 0 size
Removed world/poi/r.1.-2.mca: 0 size
Removed world/poi/r.1.2.mca: 0 size
Removed world/poi/r.2.1.mca: 0 size
Removed world/poi/r.2.3.mca: 0 size
Removed world/poi/r.3.2.mca: 0 size
Removed world/poi/r.3.3.mca: 0 size
Removed world/season 4 changes.txt: not used
Removed world/season 5 changes.txt: not used
Removed world/season 6 changes.txt: not used
Removed world/season 7 changes.txt: not used
Removed world/season 8 changes.txt: not used
Removed world/season 9 changes.txt: not used
Removed world/todo: not used
Validated 1757 files, 1724 accepted, 33 rejected.
